----------

Tue Mar 22 2022 23:02:50 GMT-0400 (Eastern Daylight Time)

warning: LF will be replaced by CRLF in index.html.
The file will have its original line endings in your working directory


----------

Tue Mar 22 2022 23:02:50 GMT-0400 (Eastern Daylight Time)

warning: LF will be replaced by CRLF in assets/bootstrap/css/bootstrap.min.css.
The file will have its original line endings in your working directory


----------

Tue Mar 22 2022 23:02:50 GMT-0400 (Eastern Daylight Time)

warning: LF will be replaced by CRLF in assets/bootstrap/js/bootstrap.min.js.
The file will have its original line endings in your working directory


----------

Tue Mar 22 2022 23:02:50 GMT-0400 (Eastern Daylight Time)

warning: LF will be replaced by CRLF in assets/fonts/ionicons.min.css.
The file will have its original line endings in your working directory


----------

Tue Mar 22 2022 23:02:50 GMT-0400 (Eastern Daylight Time)

warning: LF will be replaced by CRLF in assets/fonts/ionicons.svg.
The file will have its original line endings in your working directory


----------

Tue Mar 22 2022 23:02:50 GMT-0400 (Eastern Daylight Time)

warning: LF will be replaced by CRLF in assets/js/theme.js.
The file will have its original line endings in your working directory


----------

Tue Mar 22 2022 23:02:50 GMT-0400 (Eastern Daylight Time)

warning: LF will be replaced by CRLF in contact.html.
The file will have its original line endings in your working directory


----------

Tue Mar 22 2022 23:02:50 GMT-0400 (Eastern Daylight Time)

warning: LF will be replaced by CRLF in cv.html.
The file will have its original line endings in your working directory


----------

Tue Mar 22 2022 23:02:50 GMT-0400 (Eastern Daylight Time)

warning: LF will be replaced by CRLF in hire-me.html.
The file will have its original line endings in your working directory


----------

Tue Mar 22 2022 23:02:50 GMT-0400 (Eastern Daylight Time)

warning: LF will be replaced by CRLF in project-page.html.
The file will have its original line endings in your working directory


----------

Tue Mar 22 2022 23:02:50 GMT-0400 (Eastern Daylight Time)

warning: LF will be replaced by CRLF in projects-with-sidebar.html.
The file will have its original line endings in your working directory


----------

Tue Mar 22 2022 23:02:54 GMT-0400 (Eastern Daylight Time)

To https://github.com/gensuta/gensuta.github.io.git
   139bc84..1bf23d0  main -> main


